<?xml version="1.0" encoding="UTF-8"?>
<!-- Generated by org.testng.reporters.JUnitXMLReporter -->
<testsuite hostname="autoportal-Vostro-3800" ignored="1" name="Default test" tests="1" failures="0" timestamp="02 Jul 2019 09:18:05 GMT" time="28.153" errors="0">
  <testcase name="VerifyMultipleProductFunctionality" time="8.627" classname="com.addcart.MyBasket"/>
  <testcase name="VerifyBigBasketFunctionality" time="0.0" classname="com.addcart.MyBasket">
    <ignored/>
  </testcase> <!-- VerifyBigBasketFunctionality -->
</testsuite> <!-- Default test -->
